{"level":"info","timestamp":"2026-04-03T06:51:35.800-0400","msg":"User 1 is requesting user 2\n"}
{"level":"info","timestamp":"2026-04-03T07:09:10.040-0400","msg":"User 1 is requesting user 2\n"}
{"level":"debug","timestamp":"2026-04-03T07:10:54.959-0400","msg":"Successfully connected to database"}
{"level":"debug","timestamp":"2026-04-03T07:10:54.960-0400","msg":"Auto-migrating..."}
{"level":"debug","timestamp":"2026-04-03T07:12:20.149-0400","msg":"Successfully connected to database"}
{"level":"debug","timestamp":"2026-04-03T07:12:20.150-0400","msg":"Auto-migrating..."}
{"level":"debug","timestamp":"2026-04-03T07:12:23.412-0400","msg":"Listening on port :8134"}
{"level":"info","timestamp":"2026-04-03T07:12:41.151-0400","msg":"User 1 is requesting user 1\n"}
{"level":"debug","timestamp":"2026-04-03T07:36:29.932-0400","msg":"Successfully connected to database"}
{"level":"debug","timestamp":"2026-04-03T07:36:29.932-0400","msg":"Auto-migrating..."}
{"level":"debug","timestamp":"2026-04-03T07:36:34.305-0400","msg":"Listening on port :8134"}
{"level":"debug","timestamp":"2026-04-03T07:41:04.185-0400","msg":"Successfully connected to database"}
{"level":"debug","timestamp":"2026-04-03T07:41:04.186-0400","msg":"Auto-migrating..."}
{"level":"debug","timestamp":"2026-04-03T07:41:08.766-0400","msg":"Listening on port :8134"}
{"level":"info","timestamp":"2026-04-03T07:48:38.950-0400","msg":"User 1 is requesting user 2"}
{"level":"info","timestamp":"2026-04-03T07:49:54.628-0400","msg":"User 1 is requesting user 1"}
{"level":"info","timestamp":"2026-04-03T07:50:51.513-0400","msg":"User 1 is requesting user 1"}
{"level":"info","timestamp":"2026-04-03T07:58:26.411-0400","msg":"User 1 is requesting user 1"}
{"level":"info","timestamp":"2026-04-03T07:58:49.133-0400","msg":"User 1 is requesting user 1"}
{"level":"info","timestamp":"2026-04-03T07:59:22.973-0400","msg":"User 1 is requesting user 1"}
{"level":"info","timestamp":"2026-04-03T08:00:06.985-0400","msg":"User 1 is requesting user 1"}
{"level":"info","timestamp":"2026-04-03T08:00:30.242-0400","msg":"User 1 is requesting user 1"}
{"level":"info","timestamp":"2026-04-03T08:01:01.135-0400","msg":"User 1 is requesting user 1"}
{"level":"info","timestamp":"2026-04-03T08:01:48.809-0400","msg":"User 1 is requesting user 1"}
{"level":"info","timestamp":"2026-04-03T08:02:02.064-0400","msg":"User 1 is requesting user 1"}
{"level":"info","timestamp":"2026-04-03T08:02:25.587-0400","msg":"User 1 is requesting user 1"}
{"level":"info","timestamp":"2026-04-03T08:02:38.507-0400","msg":"User 1 is requesting user 1"}
{"level":"info","timestamp":"2026-04-03T08:03:25.169-0400","msg":"User 1 is requesting user 1"}
{"level":"info","timestamp":"2026-04-03T08:03:47.519-0400","msg":"User 1 is requesting user 1"}
{"level":"info","timestamp":"2026-04-03T08:04:00.186-0400","msg":"User 1 is requesting user 1"}
{"level":"info","timestamp":"2026-04-03T08:04:41.475-0400","msg":"User 1 is requesting user 1"}
{"level":"info","timestamp":"2026-04-03T08:04:51.713-0400","msg":"User 1 is requesting user 1"}
{"level":"info","timestamp":"2026-04-03T08:05:05.313-0400","msg":"User 1 is requesting user 1"}
